e:\work\github\d2dwindow-master\projects\sample1\sample1\debug\sample1.pch
e:\work\github\d2dwindow-master\projects\sample1\sample1\debug\vc120.pdb
e:\work\github\d2dwindow-master\projects\sample1\sample1\debug\vc120.idb
e:\work\github\d2dwindow-master\projects\sample1\sample1\debug\stdafx.obj
e:\work\github\d2dwindow-master\projects\sample1\sample1\debug\s1.obj
e:\work\github\d2dwindow-master\projects\sample1\sample1\debug\sample1.obj
e:\work\github\d2dwindow-master\projects\sample1\sample1\debug\sample1.res
e:\work\github\d2dwindow-master\projects\sample1\sample1\debug\sample2.ilk
e:\work\github\d2dwindow-master\projects\sample1\sample1\debug\sample1.pdb
e:\work\github\d2dwindow-master\projects\sample1\sample1\debug\sample2.pdb
e:\work\github\d2dwindow-master\projects\sample1\sample1\debug\sample1.tlog\cl.command.1.tlog
e:\work\github\d2dwindow-master\projects\sample1\sample1\debug\sample1.tlog\cl.read.1.tlog
e:\work\github\d2dwindow-master\projects\sample1\sample1\debug\sample1.tlog\cl.write.1.tlog
e:\work\github\d2dwindow-master\projects\sample1\sample1\debug\sample1.tlog\link-cvtres.read.1.tlog
e:\work\github\d2dwindow-master\projects\sample1\sample1\debug\sample1.tlog\link-cvtres.write.1.tlog
e:\work\github\d2dwindow-master\projects\sample1\sample1\debug\sample1.tlog\link-rc.read.1.tlog
e:\work\github\d2dwindow-master\projects\sample1\sample1\debug\sample1.tlog\link-rc.write.1.tlog
e:\work\github\d2dwindow-master\projects\sample1\sample1\debug\sample1.tlog\link.3968-cvtres.read.1.tlog
e:\work\github\d2dwindow-master\projects\sample1\sample1\debug\sample1.tlog\link.3968-cvtres.write.1.tlog
e:\work\github\d2dwindow-master\projects\sample1\sample1\debug\sample1.tlog\link.3968-rc.read.1.tlog
e:\work\github\d2dwindow-master\projects\sample1\sample1\debug\sample1.tlog\link.3968-rc.write.1.tlog
e:\work\github\d2dwindow-master\projects\sample1\sample1\debug\sample1.tlog\link.3968.read.1.tlog
e:\work\github\d2dwindow-master\projects\sample1\sample1\debug\sample1.tlog\link.3968.write.1.tlog
e:\work\github\d2dwindow-master\projects\sample1\sample1\debug\sample1.tlog\link.command.1.tlog
e:\work\github\d2dwindow-master\projects\sample1\sample1\debug\sample1.tlog\link.read.1.tlog
e:\work\github\d2dwindow-master\projects\sample1\sample1\debug\sample1.tlog\link.write.1.tlog
e:\work\github\d2dwindow-master\projects\sample1\sample1\debug\sample1.tlog\rc.command.1.tlog
e:\work\github\d2dwindow-master\projects\sample1\sample1\debug\sample1.tlog\rc.read.1.tlog
e:\work\github\d2dwindow-master\projects\sample1\sample1\debug\sample1.tlog\rc.write.1.tlog
